<?xml version="1.0" encoding="utf-8"?><testsuites name="pytest tests"><testsuite name="pytest" errors="0" failures="0" skipped="0" tests="17" time="3.633" timestamp="2026-03-29T15:23:55.733436+00:00" hostname="agent-env-fe5aea43-fc0f-4c89-ac08-ef13fdd6fcee"><testcase classname="backend.tests.test_print_checkout.TestPrintPricing" name="test_get_pricing_returns_200" time="0.132" /><testcase classname="backend.tests.test_print_checkout.TestPrintPricing" name="test_pricing_contains_all_types" time="0.155" /><testcase classname="backend.tests.test_print_checkout.TestPrintPricing" name="test_pricing_contains_type_names" time="0.111" /><testcase classname="backend.tests.test_print_checkout.TestPrintPricing" name="test_paper_pricing_values" time="0.103" /><testcase classname="backend.tests.test_print_checkout.TestPrintPricing" name="test_canvas_pricing_values" time="0.106" /><testcase classname="backend.tests.test_print_checkout.TestPrintPricing" name="test_metal_pricing_values" time="0.100" /><testcase classname="backend.tests.test_print_checkout.TestPublicPostEndpoint" name="test_get_post_by_slug" time="0.131" /><testcase classname="backend.tests.test_print_checkout.TestPublicPostEndpoint" name="test_post_has_available_for_purchase_field" time="0.099" /><testcase classname="backend.tests.test_print_checkout.TestPublicPostEndpoint" name="test_post_has_image_url" time="0.108" /><testcase classname="backend.tests.test_print_checkout.TestPublicPostEndpoint" name="test_post_not_found_returns_404" time="0.124" /><testcase classname="backend.tests.test_print_checkout.TestPrintCheckout" name="test_checkout_with_valid_paper_order" time="0.650" /><testcase classname="backend.tests.test_print_checkout.TestPrintCheckout" name="test_checkout_with_valid_canvas_order" time="0.417" /><testcase classname="backend.tests.test_print_checkout.TestPrintCheckout" name="test_checkout_with_valid_metal_order" time="0.450" /><testcase classname="backend.tests.test_print_checkout.TestPrintCheckout" name="test_checkout_with_invalid_print_type" time="0.101" /><testcase classname="backend.tests.test_print_checkout.TestPrintCheckout" name="test_checkout_with_invalid_size" time="0.160" /><testcase classname="backend.tests.test_print_checkout.TestPrintCheckout" name="test_checkout_with_price_mismatch" time="0.110" /><testcase classname="backend.tests.test_print_checkout.TestPrintCheckout" name="test_checkout_returns_session_id" time="0.512" /></testsuite></testsuites>